app/api/admin/users/route.ts(44,7): error TS2322: Type '{ email: any; password: any; role: { connect: { id: any; }; }; clearance: any; isAdmin: boolean; attributes: string; isLocked: false; mfaEnabled: false; }' is not assignable to type '(Without<UserCreateInput, UserUncheckedCreateInput> & UserUncheckedCreateInput) | (Without<...> & UserCreateInput)'.
  Type '{ email: any; password: any; role: { connect: { id: any; }; }; clearance: any; isAdmin: boolean; attributes: string; isLocked: false; mfaEnabled: false; }' is not assignable to type 'Without<UserUncheckedCreateInput, UserCreateInput> & UserCreateInput'.
    Property 'name' is missing in type '{ email: any; password: any; role: { connect: { id: any; }; }; clearance: any; isAdmin: boolean; attributes: string; isLocked: false; mfaEnabled: false; }' but required in type 'UserCreateInput'.
app/api/auth/register/route.ts(14,5): error TS2322: Type '{ email: any; password: any; role: { connect: { id: string; }; }; }' is not assignable to type '(Without<UserCreateInput, UserUncheckedCreateInput> & UserUncheckedCreateInput) | (Without<...> & UserCreateInput)'.
  Type '{ email: any; password: any; role: { connect: { id: string; }; }; }' is not assignable to type 'Without<UserUncheckedCreateInput, UserCreateInput> & UserCreateInput'.
    Property 'name' is missing in type '{ email: any; password: any; role: { connect: { id: string; }; }; }' but required in type 'UserCreateInput'.
tailwind.config.ts(2,29): error TS2307: Cannot find module 'tailwindcss' or its corresponding type declarations.
  There are types at 'C:/Users/PC/Downloads/secure-access-system/node_modules/tailwindcss/dist/lib.d.mts', but this result could not be resolved under your current 'moduleResolution' setting. Consider updating to 'node16', 'nodenext', or 'bundler'.
